Arguments: 
  /Users/gpineappleb/.nvm/versions/node/v12.16.1/bin/node /usr/local/Cellar/yarn/1.22.0/libexec/bin/yarn.js add jquery @rails-ujs select2

PATH: 
  /Users/gpineappleb/.rbenv/versions/2.6.2/bin:/usr/local/Cellar/rbenv/1.1.2/libexec:/Users/gpineappleb/.nvm/versions/node/v12.16.1/bin:./bin:./node_modules/.bin:/Users/gpineappleb/.rbenv/shims:/Users/gpineappleb/.rbenv/bin:/Library/Frameworks/Python.framework/Versions/3.7/bin:/usr/local/bin:/usr/bin:/bin:/usr/sbin:/sbin:/Library/TeX/texbin:/usr/local/share/dotnet:/opt/X11/bin:~/.dotnet/tools:/opt/ImageMagick/bin:/usr/local/sbin:/Users/gpineappleb/.rvm/bin

Yarn version: 
  1.22.0

Node version: 
  12.16.1

Platform: 
  darwin x64

Trace: 
  Error: https://registry.yarnpkg.com/@rails-ujs: Request "https://registry.yarnpkg.com/@rails-ujs" returned a 405
      at Request.params.callback [as _callback] (/usr/local/Cellar/yarn/1.22.0/libexec/lib/cli.js:66984:18)
      at Request.self.callback (/usr/local/Cellar/yarn/1.22.0/libexec/lib/cli.js:140727:22)
      at Request.emit (events.js:311:20)
      at Request.<anonymous> (/usr/local/Cellar/yarn/1.22.0/libexec/lib/cli.js:141699:10)
      at Request.emit (events.js:311:20)
      at IncomingMessage.<anonymous> (/usr/local/Cellar/yarn/1.22.0/libexec/lib/cli.js:141621:12)
      at Object.onceWrapper (events.js:417:28)
      at IncomingMessage.emit (events.js:323:22)
      at endReadableNT (_stream_readable.js:1204:12)
      at processTicksAndRejections (internal/process/task_queues.js:84:21)

npm manifest: 
  No manifest

yarn manifest: 
  No manifest

Lockfile: 
  # THIS IS AN AUTOGENERATED FILE. DO NOT EDIT THIS FILE DIRECTLY.
  # yarn lockfile v1
